<?xml version="1.0" encoding="UTF-8"?>
<testng-results skipped="0" failed="0" ignored="0" total="1" passed="1">
  <reporter-output>
  </reporter-output>
  <suite name="Default suite" duration-ms="16256" started-at="2020-08-11T12:20:16Z" finished-at="2020-08-11T12:20:32Z">
    <groups>
    </groups>
    <test name="Default test" duration-ms="16256" started-at="2020-08-11T12:20:16Z" finished-at="2020-08-11T12:20:32Z">
      <class name="testUI.CreateBranch">
        <test-method status="PASS" signature="setUp()[pri:0, instance:testUI.CreateBranch@ae45eb6]" name="setUp" is-config="true" duration-ms="15347" started-at="2020-08-11T12:20:16Z" finished-at="2020-08-11T12:20:31Z">
          <reporter-output>
          </reporter-output>
        </test-method> <!-- setUp -->
        <test-method status="PASS" signature="createBranch()[pri:0, instance:testUI.CreateBranch@ae45eb6]" name="createBranch" duration-ms="24" started-at="2020-08-11T12:20:31Z" finished-at="2020-08-11T12:20:31Z">
          <reporter-output>
          </reporter-output>
        </test-method> <!-- createBranch -->
        <test-method status="PASS" signature="tearDown()[pri:0, instance:testUI.CreateBranch@ae45eb6]" name="tearDown" is-config="true" duration-ms="840" started-at="2020-08-11T12:20:31Z" finished-at="2020-08-11T12:20:32Z">
          <reporter-output>
          </reporter-output>
        </test-method> <!-- tearDown -->
      </class> <!-- testUI.CreateBranch -->
    </test> <!-- Default test -->
  </suite> <!-- Default suite -->
</testng-results>
